Build started 04/01/2018 16:45:57.
     1>Project "C:\Users\Fraser\Documents\Uni\GP3\CW\Fraser McFarlane GP3 Coursework\Fraser McFarlane CW 2\Fraser McFarlane CW 2.vcxproj" on node 2 (Build target(s)).
     1>Link:
         C:\Program Files (x86)\Microsoft Visual Studio 12.0\VC\bin\link.exe /ERRORREPORT:PROMPT /OUT:"C:\Users\Fraser\Documents\Uni\GP3\CW\Fraser McFarlane GP3 Coursework\Debug\Fraser McFarlane CW 2.exe" /INCREMENTAL /NOLOGO OpenGL32.lib kernel32.lib user32.lib gdi32.lib winspool.lib comdlg32.lib advapi32.lib shell32.lib ole32.lib oleaut32.lib uuid.lib odbc32.lib odbccp32.lib /MANIFEST /MANIFESTUAC:"level='asInvoker' uiAccess='false'" /manifest:embed /DEBUG /PDB:"C:\Users\Fraser\Documents\Uni\GP3\CW\Fraser McFarlane GP3 Coursework\Debug\Fraser McFarlane CW 2.pdb" /SUBSYSTEM:CONSOLE /TLBID:1 /DYNAMICBASE /NXCOMPAT /IMPLIB:"C:\Users\Fraser\Documents\Uni\GP3\CW\Fraser McFarlane GP3 Coursework\Debug\Fraser McFarlane CW 2.lib" /MACHINE:X86 Debug\Bomb.obj
         Debug\Light.obj
         Debug\SDLDisplay.obj
         Debug\Enemy.obj
         Debug\Font.obj
         Debug\FontManager.obj
         Debug\InputManager.obj
         Debug\main.obj
         Debug\ModelManager.obj
         Debug\obj_loader.obj
         Debug\ShaderManager.obj
         Debug\Sound.obj
         Debug\SoundManager.obj
         Debug\stb_image.obj
         Debug\TextureManager.obj
         Debug\TheGame.obj
         Debug\Transform.obj
         lib\alut.lib
         lib\ftgl.lib
         lib\glew32.lib
         lib\glew32s.lib
         lib\OpenAL32.lib
         lib\SDL2.lib
         lib\SDL2main.lib
         lib\SDL2test.lib
         LINK : C:\Users\Fraser\Documents\Uni\GP3\CW\Fraser McFarlane GP3 Coursework\Debug\Fraser McFarlane CW 2.exe not found or not built by the last incremental link; performing full link
         Fraser McFarlane CW 2.vcxproj -> C:\Users\Fraser\Documents\Uni\GP3\CW\Fraser McFarlane GP3 Coursework\Debug\Fraser McFarlane CW 2.exe
     1>Done Building Project "C:\Users\Fraser\Documents\Uni\GP3\CW\Fraser McFarlane GP3 Coursework\Fraser McFarlane CW 2\Fraser McFarlane CW 2.vcxproj" (Build target(s)).

Build succeeded.

Time Elapsed 00:00:00.39
