c:\users\fraser\documents\uni\gp3\fraser mcfarlane cw 2\fraser mcfarlane cw 2\debug\vc120.pdb
c:\users\fraser\documents\uni\gp3\fraser mcfarlane cw 2\fraser mcfarlane cw 2\debug\vc120.idb
c:\users\fraser\documents\uni\gp3\fraser mcfarlane cw 2\fraser mcfarlane cw 2\debug\camera.obj
c:\users\fraser\documents\uni\gp3\fraser mcfarlane cw 2\fraser mcfarlane cw 2\debug\inputmanager.obj
c:\users\fraser\documents\uni\gp3\fraser mcfarlane cw 2\fraser mcfarlane cw 2\debug\stb_image.obj
c:\users\fraser\documents\uni\gp3\fraser mcfarlane cw 2\fraser mcfarlane cw 2\debug\main.obj
c:\users\fraser\documents\uni\gp3\fraser mcfarlane cw 2\fraser mcfarlane cw 2\debug\shader.obj
c:\users\fraser\documents\uni\gp3\fraser mcfarlane cw 2\fraser mcfarlane cw 2\debug\bomb.obj
c:\users\fraser\documents\uni\gp3\fraser mcfarlane cw 2\fraser mcfarlane cw 2\debug\sdldisplay.obj
c:\users\fraser\documents\uni\gp3\fraser mcfarlane cw 2\fraser mcfarlane cw 2\debug\shadermanager.obj
c:\users\fraser\documents\uni\gp3\fraser mcfarlane cw 2\fraser mcfarlane cw 2\debug\texturemanager.obj
c:\users\fraser\documents\uni\gp3\fraser mcfarlane cw 2\fraser mcfarlane cw 2\debug\modelmanager.obj
c:\users\fraser\documents\uni\gp3\fraser mcfarlane cw 2\fraser mcfarlane cw 2\debug\light.obj
c:\users\fraser\documents\uni\gp3\fraser mcfarlane cw 2\fraser mcfarlane cw 2\debug\font.obj
c:\users\fraser\documents\uni\gp3\fraser mcfarlane cw 2\fraser mcfarlane cw 2\debug\fontmanager.obj
c:\users\fraser\documents\uni\gp3\fraser mcfarlane cw 2\fraser mcfarlane cw 2\debug\gameobject.obj
c:\users\fraser\documents\uni\gp3\fraser mcfarlane cw 2\fraser mcfarlane cw 2\debug\thegame.obj
c:\users\fraser\documents\uni\gp3\fraser mcfarlane cw 2\fraser mcfarlane cw 2\debug\enemy.obj
c:\users\fraser\documents\uni\gp3\fraser mcfarlane cw 2\fraser mcfarlane cw 2\debug\sound.obj
c:\users\fraser\documents\uni\gp3\fraser mcfarlane cw 2\fraser mcfarlane cw 2\debug\soundmanager.obj
c:\users\fraser\documents\uni\gp3\cw\fraser mcfarlane gp3 coursework\fraser mcfarlane cw 2\debug\vc120.pdb
c:\users\fraser\documents\uni\gp3\cw\fraser mcfarlane gp3 coursework\fraser mcfarlane cw 2\debug\vc120.idb
c:\users\fraser\documents\uni\gp3\cw\fraser mcfarlane gp3 coursework\fraser mcfarlane cw 2\debug\bomb.obj
c:\users\fraser\documents\uni\gp3\cw\fraser mcfarlane gp3 coursework\fraser mcfarlane cw 2\debug\light.obj
c:\users\fraser\documents\uni\gp3\cw\fraser mcfarlane gp3 coursework\fraser mcfarlane cw 2\debug\sdldisplay.obj
c:\users\fraser\documents\uni\gp3\cw\fraser mcfarlane gp3 coursework\fraser mcfarlane cw 2\debug\enemy.obj
c:\users\fraser\documents\uni\gp3\cw\fraser mcfarlane gp3 coursework\fraser mcfarlane cw 2\debug\font.obj
c:\users\fraser\documents\uni\gp3\cw\fraser mcfarlane gp3 coursework\fraser mcfarlane cw 2\debug\fontmanager.obj
c:\users\fraser\documents\uni\gp3\cw\fraser mcfarlane gp3 coursework\fraser mcfarlane cw 2\debug\inputmanager.obj
c:\users\fraser\documents\uni\gp3\cw\fraser mcfarlane gp3 coursework\fraser mcfarlane cw 2\debug\main.obj
c:\users\fraser\documents\uni\gp3\cw\fraser mcfarlane gp3 coursework\fraser mcfarlane cw 2\debug\modelmanager.obj
c:\users\fraser\documents\uni\gp3\cw\fraser mcfarlane gp3 coursework\fraser mcfarlane cw 2\debug\obj_loader.obj
c:\users\fraser\documents\uni\gp3\cw\fraser mcfarlane gp3 coursework\fraser mcfarlane cw 2\debug\shadermanager.obj
c:\users\fraser\documents\uni\gp3\cw\fraser mcfarlane gp3 coursework\fraser mcfarlane cw 2\debug\sound.obj
c:\users\fraser\documents\uni\gp3\cw\fraser mcfarlane gp3 coursework\fraser mcfarlane cw 2\debug\soundmanager.obj
c:\users\fraser\documents\uni\gp3\cw\fraser mcfarlane gp3 coursework\fraser mcfarlane cw 2\debug\texturemanager.obj
c:\users\fraser\documents\uni\gp3\cw\fraser mcfarlane gp3 coursework\fraser mcfarlane cw 2\debug\thegame.obj
c:\users\fraser\documents\uni\gp3\cw\fraser mcfarlane gp3 coursework\fraser mcfarlane cw 2\debug\stb_image.obj
c:\users\fraser\documents\uni\gp3\fraser mcfarlane cw 2\debug\fraser mcfarlane cw 2.ilk
c:\users\fraser\documents\uni\gp3\fraser mcfarlane cw 2\debug\fraser mcfarlane cw 2.exe
c:\users\fraser\documents\uni\gp3\fraser mcfarlane cw 2\debug\fraser mcfarlane cw 2.pdb
c:\users\fraser\documents\uni\gp3\cw\fraser mcfarlane gp3 coursework\debug\fraser mcfarlane cw 2.ilk
c:\users\fraser\documents\uni\gp3\cw\fraser mcfarlane gp3 coursework\debug\fraser mcfarlane cw 2.exe
c:\users\fraser\documents\uni\gp3\cw\fraser mcfarlane gp3 coursework\debug\fraser mcfarlane cw 2.pdb
c:\users\fraser\documents\uni\gp3\cw\fraser mcfarlane gp3 coursework\fraser mcfarlane cw 2\debug\camera.obj
c:\users\fraser\documents\uni\gp3\cw\fraser mcfarlane gp3 coursework\fraser mcfarlane cw 2\debug\display.obj
c:\users\fraser\documents\uni\gp3\cw\fraser mcfarlane gp3 coursework\fraser mcfarlane cw 2\debug\gameobject.obj
c:\users\fraser\documents\uni\gp3\cw\fraser mcfarlane gp3 coursework\fraser mcfarlane cw 2\debug\shader.obj
c:\users\fraser\documents\uni\gp3\cw\fraser mcfarlane gp3 coursework\fraser mcfarlane cw 2\debug\texture.obj
c:\users\fraser\documents\uni\gp3\cw\fraser mcfarlane gp3 coursework\fraser mcfarlane cw 2\debug\fraser m.9c266c46.tlog\cl.command.1.tlog
c:\users\fraser\documents\uni\gp3\cw\fraser mcfarlane gp3 coursework\fraser mcfarlane cw 2\debug\fraser m.9c266c46.tlog\cl.read.1.tlog
c:\users\fraser\documents\uni\gp3\cw\fraser mcfarlane gp3 coursework\fraser mcfarlane cw 2\debug\fraser m.9c266c46.tlog\cl.write.1.tlog
c:\users\fraser\documents\uni\gp3\cw\fraser mcfarlane gp3 coursework\fraser mcfarlane cw 2\debug\fraser m.9c266c46.tlog\link.command.1.tlog
c:\users\fraser\documents\uni\gp3\cw\fraser mcfarlane gp3 coursework\fraser mcfarlane cw 2\debug\fraser m.9c266c46.tlog\link.read.1.tlog
c:\users\fraser\documents\uni\gp3\cw\fraser mcfarlane gp3 coursework\fraser mcfarlane cw 2\debug\fraser m.9c266c46.tlog\link.write.1.tlog
