Build started 13/12/2017 16:41:48.
     1>Project "C:\Users\Fraser\Documents\Uni\GP3\CW\Fraser McFarlane GP3 Coursework\Fraser McFarlane GP3 Coursework\Fraser McFarlane GP3 Coursework.vcxproj" on node 2 (Build target(s)).
     1>ClCompile:
         C:\Program Files (x86)\Microsoft Visual Studio 12.0\VC\bin\CL.exe /c /ZI /nologo /W3 /WX- /sdl /Od /Oy- /D _MBCS /Gm /EHsc /RTC1 /MDd /GS /fp:precise /Zc:wchar_t /Zc:forScope /Fo"Debug\\" /Fd"Debug\vc120.pdb" /Gd /TP /analyze- /errorReport:prompt Studentmain.cpp
         Studentmain.cpp
     1>c:\users\fraser\documents\uni\gp3\cw\fraser mcfarlane gp3 coursework\fraser mcfarlane gp3 coursework\studentmain.cpp(108): warning C4305: 'initializing' : truncation from 'double' to 'GLfloat'
     1>c:\users\fraser\documents\uni\gp3\cw\fraser mcfarlane gp3 coursework\fraser mcfarlane gp3 coursework\studentmain.cpp(164): warning C4244: 'argument' : conversion from 'const int' to 'GLfloat', possible loss of data
       Link:
         C:\Program Files (x86)\Microsoft Visual Studio 12.0\VC\bin\link.exe /ERRORREPORT:PROMPT /OUT:"C:\Users\Fraser\Documents\Uni\GP3\CW\Fraser McFarlane GP3 Coursework\Debug\Fraser McFarlane GP3 Coursework.exe" /INCREMENTAL /NOLOGO kernel32.lib user32.lib gdi32.lib winspool.lib comdlg32.lib advapi32.lib shell32.lib ole32.lib oleaut32.lib uuid.lib odbc32.lib odbccp32.lib /MANIFEST /MANIFESTUAC:"level='asInvoker' uiAccess='false'" /manifest:embed /DEBUG /PDB:"C:\Users\Fraser\Documents\Uni\GP3\CW\Fraser McFarlane GP3 Coursework\Debug\Fraser McFarlane GP3 Coursework.pdb" /TLBID:1 /DYNAMICBASE /NXCOMPAT /IMPLIB:"C:\Users\Fraser\Documents\Uni\GP3\CW\Fraser McFarlane GP3 Coursework\Debug\Fraser McFarlane GP3 Coursework.lib" /MACHINE:X86 Debug\Camera.obj
         Debug\Colours.obj
         Debug\Cube.obj
         Debug\Enemy.obj
         Debug\Font.obj
         Debug\FontManager.obj
         Debug\InputManager.obj
         Debug\Laser.obj
         Debug\Light.obj
         Debug\Material.obj
         Debug\Model.obj
         Debug\ModelLoader.obj
         Debug\Player.obj
         Debug\Pyramid.obj
         Debug\Shapes.obj
         Debug\Sound.obj
         Debug\SoundManager.obj
         Debug\Sphere.obj
         Debug\Starfield.obj
         Debug\Texture.obj
         Debug\Triangle.obj
         Debug\WNDManager.obj
         Debug\GameConstants.obj
         Debug\Studentmain.obj
         Debug\tardisWarsGame.obj
         Debug\windowOGL.obj
         Libraries\alut.lib
         Libraries\DevIL.lib
         Libraries\freeglut.lib
         Libraries\ftgl.lib
         "Libraries\glm-0.3.2Lib.lib"
         Libraries\ILU.lib
         Libraries\ILUT.lib
         Libraries\OpenAL32.lib
         Fraser McFarlane GP3 Coursework.vcxproj -> C:\Users\Fraser\Documents\Uni\GP3\CW\Fraser McFarlane GP3 Coursework\Debug\Fraser McFarlane GP3 Coursework.exe
     1>Done Building Project "C:\Users\Fraser\Documents\Uni\GP3\CW\Fraser McFarlane GP3 Coursework\Fraser McFarlane GP3 Coursework\Fraser McFarlane GP3 Coursework.vcxproj" (Build target(s)).

Build succeeded.

Time Elapsed 00:00:01.08
