c:\users\fraser\documents\uni\gp3\cw\fraser mcfarlane gp3 coursework\fraser mcfarlane gp3 coursework\debug\vc120.pdb
c:\users\fraser\documents\uni\gp3\cw\fraser mcfarlane gp3 coursework\fraser mcfarlane gp3 coursework\debug\vc120.idb
c:\users\fraser\documents\uni\gp3\cw\fraser mcfarlane gp3 coursework\fraser mcfarlane gp3 coursework\debug\inputmanager.obj
c:\users\fraser\documents\uni\gp3\cw\fraser mcfarlane gp3 coursework\fraser mcfarlane gp3 coursework\debug\laser.obj
c:\users\fraser\documents\uni\gp3\cw\fraser mcfarlane gp3 coursework\fraser mcfarlane gp3 coursework\debug\light.obj
c:\users\fraser\documents\uni\gp3\cw\fraser mcfarlane gp3 coursework\fraser mcfarlane gp3 coursework\debug\material.obj
c:\users\fraser\documents\uni\gp3\cw\fraser mcfarlane gp3 coursework\fraser mcfarlane gp3 coursework\debug\model.obj
c:\users\fraser\documents\uni\gp3\cw\fraser mcfarlane gp3 coursework\fraser mcfarlane gp3 coursework\debug\modelloader.obj
c:\users\fraser\documents\uni\gp3\cw\fraser mcfarlane gp3 coursework\fraser mcfarlane gp3 coursework\debug\player.obj
c:\users\fraser\documents\uni\gp3\cw\fraser mcfarlane gp3 coursework\fraser mcfarlane gp3 coursework\debug\pyramid.obj
c:\users\fraser\documents\uni\gp3\cw\fraser mcfarlane gp3 coursework\fraser mcfarlane gp3 coursework\debug\shapes.obj
c:\users\fraser\documents\uni\gp3\cw\fraser mcfarlane gp3 coursework\fraser mcfarlane gp3 coursework\debug\sound.obj
c:\users\fraser\documents\uni\gp3\cw\fraser mcfarlane gp3 coursework\fraser mcfarlane gp3 coursework\debug\soundmanager.obj
c:\users\fraser\documents\uni\gp3\cw\fraser mcfarlane gp3 coursework\fraser mcfarlane gp3 coursework\debug\sphere.obj
c:\users\fraser\documents\uni\gp3\cw\fraser mcfarlane gp3 coursework\fraser mcfarlane gp3 coursework\debug\starfield.obj
c:\users\fraser\documents\uni\gp3\cw\fraser mcfarlane gp3 coursework\fraser mcfarlane gp3 coursework\debug\texture.obj
c:\users\fraser\documents\uni\gp3\cw\fraser mcfarlane gp3 coursework\fraser mcfarlane gp3 coursework\debug\triangle.obj
c:\users\fraser\documents\uni\gp3\cw\fraser mcfarlane gp3 coursework\fraser mcfarlane gp3 coursework\debug\wndmanager.obj
c:\users\fraser\documents\uni\gp3\cw\fraser mcfarlane gp3 coursework\fraser mcfarlane gp3 coursework\debug\gameconstants.obj
c:\users\fraser\documents\uni\gp3\cw\fraser mcfarlane gp3 coursework\fraser mcfarlane gp3 coursework\debug\tardiswarsgame.obj
c:\users\fraser\documents\uni\gp3\cw\fraser mcfarlane gp3 coursework\fraser mcfarlane gp3 coursework\debug\windowogl.obj
c:\users\fraser\documents\uni\gp3\cw\fraser mcfarlane gp3 coursework\fraser mcfarlane gp3 coursework\debug\camera.obj
c:\users\fraser\documents\uni\gp3\cw\fraser mcfarlane gp3 coursework\fraser mcfarlane gp3 coursework\debug\colours.obj
c:\users\fraser\documents\uni\gp3\cw\fraser mcfarlane gp3 coursework\fraser mcfarlane gp3 coursework\debug\cube.obj
c:\users\fraser\documents\uni\gp3\cw\fraser mcfarlane gp3 coursework\fraser mcfarlane gp3 coursework\debug\enemy.obj
c:\users\fraser\documents\uni\gp3\cw\fraser mcfarlane gp3 coursework\fraser mcfarlane gp3 coursework\debug\font.obj
c:\users\fraser\documents\uni\gp3\cw\fraser mcfarlane gp3 coursework\fraser mcfarlane gp3 coursework\debug\fontmanager.obj
c:\users\fraser\documents\uni\gp3\cw\fraser mcfarlane gp3 coursework\fraser mcfarlane gp3 coursework\debug\studentmain.obj
c:\users\fraser\documents\uni\gp3\cw\fraser mcfarlane gp3 coursework\debug\fraser mcfarlane gp3 coursework.ilk
c:\users\fraser\documents\uni\gp3\cw\fraser mcfarlane gp3 coursework\debug\fraser mcfarlane gp3 coursework.exe
c:\users\fraser\documents\uni\gp3\cw\fraser mcfarlane gp3 coursework\debug\fraser mcfarlane gp3 coursework.pdb
c:\users\fraser\documents\uni\gp3\cw\fraser mcfarlane gp3 coursework\fraser mcfarlane gp3 coursework\debug\fraser m.ca362d50.tlog\cl.command.1.tlog
c:\users\fraser\documents\uni\gp3\cw\fraser mcfarlane gp3 coursework\fraser mcfarlane gp3 coursework\debug\fraser m.ca362d50.tlog\cl.read.1.tlog
c:\users\fraser\documents\uni\gp3\cw\fraser mcfarlane gp3 coursework\fraser mcfarlane gp3 coursework\debug\fraser m.ca362d50.tlog\cl.write.1.tlog
c:\users\fraser\documents\uni\gp3\cw\fraser mcfarlane gp3 coursework\fraser mcfarlane gp3 coursework\debug\fraser m.ca362d50.tlog\link.command.1.tlog
c:\users\fraser\documents\uni\gp3\cw\fraser mcfarlane gp3 coursework\fraser mcfarlane gp3 coursework\debug\fraser m.ca362d50.tlog\link.read.1.tlog
c:\users\fraser\documents\uni\gp3\cw\fraser mcfarlane gp3 coursework\fraser mcfarlane gp3 coursework\debug\fraser m.ca362d50.tlog\link.write.1.tlog
